2022-08-18 18:05:17,478 [INFO ] [] [ClientInboundPool Thread_1] [c.s.unifiedodds.sdk.OddsFeed] - OddsFeed instance created with: OddsFeedConfiguration{ accessToken='o0o***U0t', defaultLocale=en, desiredLocales=[en], host='global.stgmq.betradar.com', apiHost='global.stgapi.betradar.com', inactivitySeconds=20, maxRecoveryExecutionMinutes=60, minIntervalBetweenRecoveryRequests=30, useMessagingSsl=true, useApiSsl=true, port=5671, messagingUsername='null', messagingPassword='null', sdkNodeId=1, useIntegrationEnvironment=false, disabledProducers=[], exceptionHandlingStrategy=Catch, selectedEnvironment=GlobalIntegration, messagingVirtualHost=null, httpClientTimeout=30, httpClientMaxConnTotal=20, httpClientMaxConnPerRoute=15, recoveryHttpClientTimeout=30, recoveryHttpClientMaxConnTotal=20, recoveryHttpClientMaxConnPerRoute=15}
2022-08-18 18:05:18,670 [INFO ] [] [ClientInboundPool Thread_1] [c.s.unifiedodds.sdk.OddsFeed] - Initializing the OddsFeed instance (Sportradar Unified Odds SDK 2.0.54.1)
2022-08-18 18:05:18,871 [INFO ] [] [ClientInboundPool Thread_1] [c.s.u.s.i.a.WhoAmIReader] - Attempting bookmaker details fetch from the configured environment[GlobalIntegration], API: 'global.stgapi.betradar.com'
2022-08-18 18:05:18,872 [INFO ] [] [ClientInboundPool Thread_1] [c.s.u.s.impl.LogHttpDataFetcher] - Fetching data from: https://global.stgapi.betradar.com/v1/users/whoami.xml
2022-08-18 18:05:19,954 [INFO ] [] [ClientInboundPool Thread_1] [c.s.u.s.i.a.WhoAmIReader] - Bookmaker validation initiated
2022-08-18 18:05:19,954 [INFO ] [] [ClientInboundPool Thread_1] [c.s.u.s.i.a.WhoAmIReader] - Client id: 26739
2022-08-18 18:05:20,009 [INFO ] [] [ClientInboundPool Thread_1] [c.s.u.s.i.a.WhoAmIReader] - Token validation completed successfully, valid until: Tue May 30 13:57:04 BST 2023
2022-08-18 18:05:20,012 [INFO ] [] [ClientInboundPool Thread_1] [c.s.u.s.impl.ProducerManagerImpl] - Fetching producer list
2022-08-18 18:05:20,012 [INFO ] [] [ClientInboundPool Thread_1] [c.s.u.s.impl.LogHttpDataFetcher] - Fetching data from: https://global.stgapi.betradar.com/v1/descriptions/producers.xml
2022-08-18 18:05:20,241 [INFO ] [] [ClientInboundPool Thread_1] [c.s.u.s.impl.ProducerManagerImpl] - Producers -> id: '1', name: 'LO', description: 'Live Odds', STATUS: [ACTIVE]
2022-08-18 18:05:20,241 [INFO ] [] [ClientInboundPool Thread_1] [c.s.u.s.impl.ProducerManagerImpl] - Producers -> id: '3', name: 'Ctrl', description: 'Betradar Ctrl', STATUS: [ACTIVE]
2022-08-18 18:05:20,241 [INFO ] [] [ClientInboundPool Thread_1] [c.s.u.s.impl.ProducerManagerImpl] - Producers -> id: '4', name: 'BetPal', description: 'BetPal', STATUS: [INACTIVE]
2022-08-18 18:05:20,241 [INFO ] [] [ClientInboundPool Thread_1] [c.s.u.s.impl.ProducerManagerImpl] - Producers -> id: '5', name: 'PremiumCricket', description: 'Premium Cricket', STATUS: [INACTIVE]
2022-08-18 18:05:20,241 [INFO ] [] [ClientInboundPool Thread_1] [c.s.u.s.impl.ProducerManagerImpl] - Producers -> id: '6', name: 'VF', description: 'Virtual football', STATUS: [INACTIVE]
2022-08-18 18:05:20,241 [INFO ] [] [ClientInboundPool Thread_1] [c.s.u.s.impl.ProducerManagerImpl] - Producers -> id: '7', name: 'WNS', description: 'Numbers Betting', STATUS: [INACTIVE]
2022-08-18 18:05:20,242 [INFO ] [] [ClientInboundPool Thread_1] [c.s.u.s.impl.ProducerManagerImpl] - Producers -> id: '8', name: 'VBL', description: 'Virtual Basketball League', STATUS: [INACTIVE]
2022-08-18 18:05:20,242 [INFO ] [] [ClientInboundPool Thread_1] [c.s.u.s.impl.ProducerManagerImpl] - Producers -> id: '9', name: 'VTO', description: 'Virtual Tennis Open', STATUS: [INACTIVE]
2022-08-18 18:05:20,242 [INFO ] [] [ClientInboundPool Thread_1] [c.s.u.s.impl.ProducerManagerImpl] - Producers -> id: '10', name: 'VDR', description: 'Virtual Dog Racing', STATUS: [INACTIVE]
2022-08-18 18:05:20,242 [INFO ] [] [ClientInboundPool Thread_1] [c.s.u.s.impl.ProducerManagerImpl] - Producers -> id: '11', name: 'VHC', description: 'Virtual Horse Classics', STATUS: [INACTIVE]
2022-08-18 18:05:20,242 [INFO ] [] [ClientInboundPool Thread_1] [c.s.u.s.impl.ProducerManagerImpl] - Producers -> id: '12', name: 'VTI', description: 'Virtual Tennis In-Play', STATUS: [INACTIVE]
2022-08-18 18:05:20,242 [INFO ] [] [ClientInboundPool Thread_1] [c.s.u.s.impl.ProducerManagerImpl] - Producers -> id: '14', name: 'C-Odds', description: 'Competition Odds', STATUS: [INACTIVE]
2022-08-18 18:05:20,242 [INFO ] [] [ClientInboundPool Thread_1] [c.s.u.s.impl.ProducerManagerImpl] - Producers -> id: '15', name: 'VBI', description: 'Virtual Baseball In-Play', STATUS: [INACTIVE]
2022-08-18 18:05:20,242 [INFO ] [] [ClientInboundPool Thread_1] [c.s.u.s.impl.ProducerManagerImpl] - Producers -> id: '16', name: 'PB', description: 'Performance betting', STATUS: [INACTIVE]
2022-08-18 18:05:20,242 [INFO ] [] [ClientInboundPool Thread_1] [c.s.u.s.impl.ProducerManagerImpl] - Producers -> id: '17', name: 'VCI', description: 'Virtual Cricket In-Play', STATUS: [INACTIVE]
2022-08-18 18:05:20,243 [INFO ] [] [ClientInboundPool Thread_1] [c.s.u.s.impl.ProducerManagerImpl] - Automatically disabling producers: []
2022-08-18 18:05:20,322 [INFO ] [] [ClientInboundPool Thread_1] [c.s.u.s.i.SingleInstanceAMQPConnectionFactory] - Creating new SDKConnection for global.stgmq.betradar.com
2022-08-18 18:05:20,322 [INFO ] [] [ClientInboundPool Thread_1] [c.s.u.s.i.SingleInstanceAMQPConnectionFactory] - Creating new connection (Sportradar Unified Odds SDK 2.0.54.1)
2022-08-18 18:05:20,852 [INFO ] [] [ClientInboundPool Thread_1] [c.s.u.s.i.SingleInstanceAMQPConnectionFactory] - Connection created successfully
2022-08-18 18:05:21,164 [INFO ] [] [ClientInboundPool Thread_1] [c.s.u.s.impl.OddsFeedSessionImpl] - OddsFeedSession opened(Message interest: SystemAliveMessages)
2022-08-18 18:05:21,560 [INFO ] [] [ClientInboundPool Thread_1] [c.s.u.s.impl.OddsFeedSessionImpl] - OddsFeedSession opened(Message interest: AllMessages)
2022-08-18 18:05:21,563 [INFO ] [] [ClientInboundPool Thread_1] [c.s.u.s.i.u.MdcScheduledExecutorService] - schedule runnable at fixed rate
2022-08-18 18:05:21,564 [INFO ] [] [ClientInboundPool Thread_1] [c.s.u.s.impl.RecoveryManagerImpl] - RecoveryManager initialized
2022-08-18 18:05:21,564 [INFO ] [] [ClientInboundPool Thread_1] [c.s.u.s.i.SDKTaskSchedulerImpl] - SDK Task scheduler opened, initiating stored tasks(8)
2022-08-18 18:05:21,565 [INFO ] [] [ClientInboundPool Thread_1] [c.s.u.s.i.SDKTaskSchedulerImpl] - Scheduling SDK task -> SDKTask{name='InvariantMarketCacheRefreshTask', initialDelay=5, period=21600, unit=SECONDS}
2022-08-18 18:05:21,565 [INFO ] [] [ClientInboundPool Thread_1] [c.s.u.s.i.u.MdcScheduledExecutorService] - schedule runnable at fixed rate
2022-08-18 18:05:21,565 [INFO ] [] [ClientInboundPool Thread_1] [c.s.u.s.i.SDKTaskSchedulerImpl] - Scheduling SDK task -> SDKTask{name='DateSchedulePrefetchTask', initialDelay=5, period=43200, unit=SECONDS}
2022-08-18 18:05:21,565 [INFO ] [] [ClientInboundPool Thread_1] [c.s.u.s.i.u.MdcScheduledExecutorService] - schedule runnable at fixed rate
2022-08-18 18:05:21,565 [INFO ] [] [ClientInboundPool Thread_1] [c.s.u.s.i.SDKTaskSchedulerImpl] - Scheduling SDK task -> SDKTask{name='NamedValueRefreshTask', initialDelay=24, period=24, unit=HOURS}
2022-08-18 18:05:21,565 [INFO ] [] [ClientInboundPool Thread_1] [c.s.u.s.i.u.MdcScheduledExecutorService] - schedule runnable at fixed rate
2022-08-18 18:05:21,565 [INFO ] [] [ClientInboundPool Thread_1] [c.s.u.s.i.SDKTaskSchedulerImpl] - Scheduling SDK task -> SDKTask{name='NamedValueRefreshTask', initialDelay=24, period=24, unit=HOURS}
2022-08-18 18:05:21,565 [INFO ] [] [ClientInboundPool Thread_1] [c.s.u.s.i.u.MdcScheduledExecutorService] - schedule runnable at fixed rate
2022-08-18 18:05:21,565 [INFO ] [] [ClientInboundPool Thread_1] [c.s.u.s.i.SDKTaskSchedulerImpl] - Scheduling SDK task -> SDKTask{name='VariantDescriptionsTask', initialDelay=5, period=21600, unit=SECONDS}
2022-08-18 18:05:21,565 [INFO ] [] [ClientInboundPool Thread_1] [c.s.u.s.i.u.MdcScheduledExecutorService] - schedule runnable at fixed rate
2022-08-18 18:05:21,566 [INFO ] [] [ClientInboundPool Thread_1] [c.s.u.s.i.SDKTaskSchedulerImpl] - Scheduling SDK task -> SDKTask{name='SportsDataRefreshTask', initialDelay=12, period=12, unit=HOURS}
2022-08-18 18:05:21,566 [INFO ] [] [ClientInboundPool Thread_1] [c.s.u.s.i.u.MdcScheduledExecutorService] - schedule runnable at fixed rate
2022-08-18 18:05:21,566 [INFO ] [] [ClientInboundPool Thread_1] [c.s.u.s.i.SDKTaskSchedulerImpl] - Scheduling SDK task -> SDKTask{name='NamedValueRefreshTask', initialDelay=24, period=24, unit=HOURS}
2022-08-18 18:05:21,566 [INFO ] [] [ClientInboundPool Thread_1] [c.s.u.s.i.u.MdcScheduledExecutorService] - schedule runnable at fixed rate
2022-08-18 18:05:21,566 [INFO ] [] [ClientInboundPool Thread_1] [c.s.u.s.i.SDKTaskSchedulerImpl] - Scheduling SDK task -> SDKTask{name='LocalizedNamedValueRefreshTask', initialDelay=24, period=24, unit=HOURS}
2022-08-18 18:05:21,566 [INFO ] [] [ClientInboundPool Thread_1] [c.s.u.s.i.u.MdcScheduledExecutorService] - schedule runnable at fixed rate
